<?xml version="1.0" encoding="UTF-8"?>
<testng-results skipped="0" failed="1" total="1" passed="0">
  <reporter-output>
  </reporter-output>
  <suite name="Default suite" duration-ms="111366" started-at="2021-02-02T07:23:29Z" finished-at="2021-02-02T07:25:20Z">
    <groups>
    </groups>
    <test name="Default test" duration-ms="111366" started-at="2021-02-02T07:23:29Z" finished-at="2021-02-02T07:25:20Z">
      <class name="testScripts.NewDL">
        <test-method status="PASS" signature="beforesuite()[pri:0, instance:testScripts.NewDL@6e1ec318]" name="beforesuite" is-config="true" duration-ms="410" started-at="2021-02-02T12:53:29Z" finished-at="2021-02-02T12:53:29Z">
          <reporter-output>
          </reporter-output>
        </test-method> <!-- beforesuite -->
        <test-method status="PASS" signature="beforemethod(org.testng.ITestContext)[pri:0, instance:testScripts.NewDL@6e1ec318]" name="beforemethod" is-config="true" duration-ms="2280" started-at="2021-02-02T12:53:29Z" finished-at="2021-02-02T12:53:31Z">
          <params>
            <param index="0">
              <value>
                <![CDATA[org.testng.TestRunner@4c6007fb]]>
              </value>
            </param>
          </params>
          <reporter-output>
          </reporter-output>
        </test-method> <!-- beforemethod -->
        <test-method status="PASS" signature="before()[pri:0, instance:testScripts.NewDL@6e1ec318]" name="before" is-config="true" duration-ms="13" started-at="2021-02-02T12:53:31Z" finished-at="2021-02-02T12:53:31Z">
          <reporter-output>
          </reporter-output>
        </test-method> <!-- before -->
        <test-method status="FAIL" signature="NewDL_Public()[pri:0, instance:testScripts.NewDL@6e1ec318]" name="NewDL_Public" duration-ms="107650" started-at="2021-02-02T12:53:31Z" finished-at="2021-02-02T12:55:19Z">
          <exception class="java.lang.NullPointerException">
            <full-stacktrace>
              <![CDATA[java.lang.NullPointerException
	at applicationPages.DLModule.Initiating_DL(DLModule.java:214)
	at testScripts.NewDL.NewDL_Public(NewDL.java:46)
	at sun.reflect.NativeMethodAccessorImpl.invoke0(Native Method)
	at sun.reflect.NativeMethodAccessorImpl.invoke(NativeMethodAccessorImpl.java:62)
	at sun.reflect.DelegatingMethodAccessorImpl.invoke(DelegatingMethodAccessorImpl.java:43)
	at java.lang.reflect.Method.invoke(Method.java:498)
	at org.testng.internal.MethodInvocationHelper.invokeMethod(MethodInvocationHelper.java:85)
	at org.testng.internal.Invoker.invokeMethod(Invoker.java:639)
	at org.testng.internal.Invoker.invokeTestMethod(Invoker.java:816)
	at org.testng.internal.Invoker.invokeTestMethods(Invoker.java:1124)
	at org.testng.internal.TestMethodWorker.invokeTestMethods(TestMethodWorker.java:125)
	at org.testng.internal.TestMethodWorker.run(TestMethodWorker.java:108)
	at org.testng.TestRunner.privateRun(TestRunner.java:774)
	at org.testng.TestRunner.run(TestRunner.java:624)
	at org.testng.SuiteRunner.runTest(SuiteRunner.java:359)
	at org.testng.SuiteRunner.runSequentially(SuiteRunner.java:354)
	at org.testng.SuiteRunner.privateRun(SuiteRunner.java:312)
	at org.testng.SuiteRunner.run(SuiteRunner.java:261)
	at org.testng.SuiteRunnerWorker.runSuite(SuiteRunnerWorker.java:52)
	at org.testng.SuiteRunnerWorker.run(SuiteRunnerWorker.java:86)
	at org.testng.TestNG.runSuitesSequentially(TestNG.java:1191)
	at org.testng.TestNG.runSuitesLocally(TestNG.java:1116)
	at org.testng.TestNG.run(TestNG.java:1024)
	at org.testng.remote.AbstractRemoteTestNG.run(AbstractRemoteTestNG.java:114)
	at org.testng.remote.RemoteTestNG.initAndRun(RemoteTestNG.java:251)
	at org.testng.remote.RemoteTestNG.main(RemoteTestNG.java:77)
]]>
            </full-stacktrace>
          </exception> <!-- java.lang.NullPointerException -->
          <reporter-output>
          </reporter-output>
        </test-method> <!-- NewDL_Public -->
        <test-method status="PASS" signature="aftermethod(org.testng.ITestResult, org.testng.ITestContext)[pri:0, instance:testScripts.NewDL@6e1ec318]" name="aftermethod" is-config="true" duration-ms="1398" started-at="2021-02-02T12:55:19Z" finished-at="2021-02-02T12:55:20Z">
          <params>
            <param index="0">
              <value>
                <![CDATA[[TestResult name=NewDL_Public status=FAILURE method=NewDL.NewDL_Public()[pri:0, instance:testScripts.NewDL@6e1ec318] output={null}]]]>
              </value>
            </param>
            <param index="1">
              <value>
                <![CDATA[org.testng.TestRunner@4c6007fb]]>
              </value>
            </param>
          </params>
          <reporter-output>
          </reporter-output>
        </test-method> <!-- aftermethod -->
        <test-method status="PASS" signature="after()[pri:0, instance:testScripts.NewDL@6e1ec318]" name="after" is-config="true" duration-ms="0" started-at="2021-02-02T12:55:19Z" finished-at="2021-02-02T12:55:19Z">
          <reporter-output>
          </reporter-output>
        </test-method> <!-- after -->
        <test-method status="PASS" signature="aftersuite()[pri:0, instance:testScripts.NewDL@6e1ec318]" name="aftersuite" is-config="true" duration-ms="584" started-at="2021-02-02T12:55:20Z" finished-at="2021-02-02T12:55:21Z">
          <reporter-output>
          </reporter-output>
        </test-method> <!-- aftersuite -->
      </class> <!-- testScripts.NewDL -->
    </test> <!-- Default test -->
  </suite> <!-- Default suite -->
</testng-results>
