<?xml version="1.0" encoding="UTF-8"?>
<!-- Generated by org.testng.reporters.JUnitXMLReporter -->
<testsuite hostname="DESKTOP-FEL46G5" name="Default test" tests="16" failures="0" timestamp="6 Feb 2021 13:43:50 GMT" time="3919.599" errors="0">
  <testcase name="DLBacklog" time="243.829" classname="testScripts.NewDL"/>
  <testcase name="DLBacklog" time="231.684" classname="testScripts.NewDL"/>
  <testcase name="DLBacklog" time="232.493" classname="testScripts.NewDL"/>
  <testcase name="DLBacklog" time="233.663" classname="testScripts.NewDL"/>
  <testcase name="DLBacklog" time="231.847" classname="testScripts.NewDL"/>
  <testcase name="DLBacklog" time="235.454" classname="testScripts.NewDL"/>
  <testcase name="DLBacklog" time="235.786" classname="testScripts.NewDL"/>
  <testcase name="DLBacklog" time="233.349" classname="testScripts.NewDL"/>
  <testcase name="DLBacklog" time="205.825" classname="testScripts.NewDL"/>
  <testcase name="DLBacklog" time="237.798" classname="testScripts.NewDL"/>
  <testcase name="DLBacklog" time="242.817" classname="testScripts.NewDL"/>
  <testcase name="DLBacklog" time="238.2" classname="testScripts.NewDL"/>
  <testcase name="DLBacklog" time="343.252" classname="testScripts.NewDL"/>
  <testcase name="DLBacklog" time="242.915" classname="testScripts.NewDL"/>
  <testcase name="DLBacklog" time="252.806" classname="testScripts.NewDL"/>
  <testcase name="DLBacklog" time="263.175" classname="testScripts.NewDL"/>
</testsuite> <!-- Default test -->
