<?xml version="1.0" encoding="UTF-8"?>
<!-- Generated by org.testng.reporters.JUnitXMLReporter -->
<testsuite hostname="DESKTOP-FEL46G5" name="Test" tests="1" failures="1" timestamp="7 Feb 2021 08:11:14 GMT" time="78.534" errors="0">
  <testcase name="NewLL_Public" time="56.67" classname="testScripts.NewLL">
    <failure type="java.lang.AssertionError" message="expected [true] but found [false]">
      <![CDATA[java.lang.AssertionError: expected [true] but found [false]
	at frameworkLibrary.ReportLibrary.reportEvent(ReportLibrary.java:72)
	at applicationPages.NewLLRegistrtionPage.Set_State(NewLLRegistrtionPage.java:365)
	at applicationPages.LLModule.EnterApplicationFormDetails(LLModule.java:438)
	at applicationPages.LLModule.Before_ApplicationSubmission_Checks(LLModule.java:364)
	at applicationPages.LLModule.Initiate_Process(LLModule.java:204)
	at testScripts.NewLL.NewLL_Public(NewLL.java:97)
... Removed 29 stack frames]]>
    </failure>
  </testcase> <!-- NewLL_Public -->
</testsuite> <!-- Test -->
